warning: unused import: `leptos::web_sys`
 --> src/components/theme_toggle.rs:5:5
  |
5 | use leptos::web_sys;
  |     ^^^^^^^^^^^^^^^
  |
  = note: `#[warn(unused_imports)]` on by default

warning: `leptos-blog` (lib) generated 1 warning (run `cargo fix --lib -p leptos-blog` to apply 1 suggestion)
    Finished `dev` profile [unoptimized + debuginfo] target(s) in 0.20s
[38;5;77m       Cargo[0m finished [38;5;241mcargo build --package=leptos-blog --lib --target-dir=/home/rafonseca/projects/rafonseca.github.io/leptos-blog/target/front --target=wasm32-unknown-unknown --no-default-features --features=hydrate[0m
[38;5;77m       Front[0m generating JS/WASM with wasm-bindgen
[38;5;77m    Finished[0m generating JS/WASM for front in 796.298042ms
   Compiling leptos-blog v0.1.0 (/home/rafonseca/projects/rafonseca.github.io/leptos-blog)
    Finished `dev` profile [unoptimized + debuginfo] target(s) in 4.70s
[38;5;77m       Cargo[0m finished [38;5;241mcargo build --package=leptos-blog --bin=leptos-blog --no-default-features --features=ssr[0m
[38;5;77m     Serving[0m at http://127.0.0.1:3000
listening on http://127.0.0.1:3000
[38;5;77m    Creating[0m ignore list from '.gitignore' file

thread 'tokio-runtime-worker' panicked at /home/rafonseca/.cargo/registry/src/index.crates.io-1949cf8c6b5b557f/leptos_meta-0.8.2/src/lib.rs:244:18:
you are using leptos_meta without a </head> tag
note: run with `RUST_BACKTRACE=1` environment variable to display a backtrace

thread 'tokio-runtime-worker' panicked at /home/rafonseca/.cargo/registry/src/index.crates.io-1949cf8c6b5b557f/leptos_meta-0.8.2/src/lib.rs:244:18:
you are using leptos_meta without a </head> tag
    Blocking waiting for file lock on package cache
    Blocking waiting for file lock on package cache
    Blocking waiting for file lock on package cache
    Blocking waiting for file lock on package cache
    Blocking waiting for file lock on package cache
    Blocking waiting for file lock on package cache
   Compiling leptos-blog v0.1.0 (/home/rafonseca/projects/rafonseca.github.io/leptos-blog)
   Compiling leptos-blog v0.1.0 (/home/rafonseca/projects/rafonseca.github.io/leptos-blog)
warning: unused import: `leptos::web_sys`
 --> src/components/theme_toggle.rs:5:5
  |
5 | use leptos::web_sys;
  |     ^^^^^^^^^^^^^^^
  |
  = note: `#[warn(unused_imports)]` on by default

warning: `leptos-blog` (lib) generated 1 warning (run `cargo fix --lib -p leptos-blog` to apply 1 suggestion)
    Finished `dev` profile [unoptimized + debuginfo] target(s) in 2.78s
[38;5;77m       Cargo[0m finished [38;5;241mcargo build --package=leptos-blog --lib --target-dir=/home/rafonseca/projects/rafonseca.github.io/leptos-blog/target/front --target=wasm32-unknown-unknown --no-default-features --features=hydrate[0m
[38;5;77m       Front[0m generating JS/WASM with wasm-bindgen
[38;5;77m    Finished[0m generating JS/WASM for front in 860.960423ms
    Finished `dev` profile [unoptimized + debuginfo] target(s) in 10.88s
[38;5;77m       Cargo[0m finished [38;5;241mcargo build --package=leptos-blog --bin=leptos-blog --no-default-features --features=ssr[0m
[38;5;77m       Watch[0m updated Server, Front. Server restarting
[38;5;77m     Serving[0m at http://127.0.0.1:3000
listening on http://127.0.0.1:3000
    Blocking waiting for file lock on package cache
    Blocking waiting for file lock on package cache
    Blocking waiting for file lock on package cache
    Blocking waiting for file lock on package cache
    Blocking waiting for file lock on package cache
    Blocking waiting for file lock on package cache
   Compiling leptos-blog v0.1.0 (/home/rafonseca/projects/rafonseca.github.io/leptos-blog)
   Compiling leptos-blog v0.1.0 (/home/rafonseca/projects/rafonseca.github.io/leptos-blog)
    Finished `dev` profile [unoptimized + debuginfo] target(s) in 1.58s
[38;5;77m       Cargo[0m finished [38;5;241mcargo build --package=leptos-blog --lib --target-dir=/home/rafonseca/projects/rafonseca.github.io/leptos-blog/target/front --target=wasm32-unknown-unknown --no-default-features --features=hydrate[0m
[38;5;77m       Front[0m generating JS/WASM with wasm-bindgen
[38;5;77m    Finished[0m generating JS/WASM for front in 848.660121ms
    Finished `dev` profile [unoptimized + debuginfo] target(s) in 8.83s
[38;5;77m       Cargo[0m finished [38;5;241mcargo build --package=leptos-blog --bin=leptos-blog --no-default-features --features=ssr[0m
[38;5;77m       Watch[0m updated Server, Front. Server restarting
[38;5;77m     Serving[0m at http://127.0.0.1:3000
listening on http://127.0.0.1:3000
